<?xml version="1.0" encoding="UTF-8"?>
<testng-results skipped="0" failed="0" ignored="0" total="1" passed="1">
  <reporter-output>
  </reporter-output>
  <suite name="Suite" duration-ms="7974" started-at="2018-01-24T17:21:08Z" finished-at="2018-01-24T17:21:16Z">
    <groups>
    </groups>
    <test name="Test" duration-ms="7974" started-at="2018-01-24T17:21:08Z" finished-at="2018-01-24T17:21:16Z">
      <class name="MavenTestProject2018.LoginPage">
        <test-method status="PASS" signature="launchApp()[pri:0, instance:MavenTestProject2018.LoginPage@1392934]" name="launchApp" duration-ms="7943" started-at="2018-01-24T22:51:08Z" finished-at="2018-01-24T22:51:16Z">
          <reporter-output>
          </reporter-output>
        </test-method> <!-- launchApp -->
      </class> <!-- MavenTestProject2018.LoginPage -->
    </test> <!-- Test -->
  </suite> <!-- Suite -->
</testng-results>
